::1 - - [06/Sep/2016:22:47:40 +0000] "GET / HTTP/1.1" 304 - "-" "Mozilla/5.0 (Windows NT 10.0; Win64; x64) AppleWebKit/537.36 (KHTML, like Gecko) Chrome/52.0.2743.116 Safari/537.36"
::1 - - [06/Sep/2016:22:47:40 +0000] "GET /favicon.ico HTTP/1.1" 404 20 "http://localhost:3000/" "Mozilla/5.0 (Windows NT 10.0; Win64; x64) AppleWebKit/537.36 (KHTML, like Gecko) Chrome/52.0.2743.116 Safari/537.36"
::1 - - [06/Sep/2016:22:48:59 +0000] "GET / HTTP/1.1" 304 - "-" "Mozilla/5.0 (Windows NT 10.0; Win64; x64) AppleWebKit/537.36 (KHTML, like Gecko) Chrome/52.0.2743.116 Safari/537.36"
::1 - - [06/Sep/2016:22:49:01 +0000] "GET / HTTP/1.1" 304 - "-" "Mozilla/5.0 (Windows NT 10.0; Win64; x64) AppleWebKit/537.36 (KHTML, like Gecko) Chrome/52.0.2743.116 Safari/537.36"
::1 - - [06/Sep/2016:22:49:01 +0000] "GET / HTTP/1.1" 304 - "-" "Mozilla/5.0 (Windows NT 10.0; Win64; x64) AppleWebKit/537.36 (KHTML, like Gecko) Chrome/52.0.2743.116 Safari/537.36"
::1 - - [06/Sep/2016:22:49:01 +0000] "GET / HTTP/1.1" 304 - "-" "Mozilla/5.0 (Windows NT 10.0; Win64; x64) AppleWebKit/537.36 (KHTML, like Gecko) Chrome/52.0.2743.116 Safari/537.36"
::1 - - [06/Sep/2016:22:49:19 +0000] "GET / HTTP/1.1" 200 22 "-" "Mozilla/5.0 (Windows NT 10.0; Win64; x64) AppleWebKit/537.36 (KHTML, like Gecko) Chrome/52.0.2743.116 Safari/537.36"
::1 - - [06/Sep/2016:22:52:45 +0000] "GET / HTTP/1.1" 200 53 "-" "Mozilla/5.0 (Windows NT 10.0; Win64; x64) AppleWebKit/537.36 (KHTML, like Gecko) Chrome/52.0.2743.116 Safari/537.36"
::1 - - [06/Sep/2016:22:53:02 +0000] "GET / HTTP/1.1" 304 - "-" "Mozilla/5.0 (Windows NT 10.0; Win64; x64) AppleWebKit/537.36 (KHTML, like Gecko) Chrome/52.0.2743.116 Safari/537.36"
::1 - - [06/Sep/2016:22:53:11 +0000] "GET / HTTP/1.1" 304 - "-" "Mozilla/5.0 (Windows NT 10.0; Win64; x64) AppleWebKit/537.36 (KHTML, like Gecko) Chrome/52.0.2743.116 Safari/537.36"
::1 - - [06/Sep/2016:22:56:47 +0000] "GET / HTTP/1.1" 200 126 "-" "Mozilla/5.0 (Windows NT 10.0; Win64; x64) AppleWebKit/537.36 (KHTML, like Gecko) Chrome/52.0.2743.116 Safari/537.36"
::1 - - [06/Sep/2016:23:05:03 +0000] "GET / HTTP/1.1" 200 34 "-" "Mozilla/5.0 (Windows NT 10.0; Win64; x64) AppleWebKit/537.36 (KHTML, like Gecko) Chrome/52.0.2743.116 Safari/537.36"
::1 - - [06/Sep/2016:23:35:59 +0000] "GET / HTTP/1.1" 304 - "-" "Mozilla/5.0 (Windows NT 10.0; Win64; x64) AppleWebKit/537.36 (KHTML, like Gecko) Chrome/52.0.2743.116 Safari/537.36"
::1 - - [06/Sep/2016:23:36:01 +0000] "GET / HTTP/1.1" 304 - "-" "Mozilla/5.0 (Windows NT 10.0; Win64; x64) AppleWebKit/537.36 (KHTML, like Gecko) Chrome/52.0.2743.116 Safari/537.36"
::1 - - [06/Sep/2016:23:36:23 +0000] "GET / HTTP/1.1" 200 126 "-" "Mozilla/5.0 (Windows NT 10.0; Win64; x64) AppleWebKit/537.36 (KHTML, like Gecko) Chrome/52.0.2743.116 Safari/537.36"
::1 - - [06/Sep/2016:23:36:23 +0000] "GET / HTTP/1.1" 304 - "-" "Mozilla/5.0 (Windows NT 10.0; Win64; x64) AppleWebKit/537.36 (KHTML, like Gecko) Chrome/52.0.2743.116 Safari/537.36"
::1 - - [06/Sep/2016:23:36:44 +0000] "GET /xoer HTTP/1.1" 200 34 "-" "Mozilla/5.0 (Windows NT 10.0; Win64; x64) AppleWebKit/537.36 (KHTML, like Gecko) Chrome/52.0.2743.116 Safari/537.36"
::1 - - [06/Sep/2016:23:37:59 +0000] "GET / HTTP/1.1" 304 - "-" "Mozilla/5.0 (Windows NT 10.0; Win64; x64) AppleWebKit/537.36 (KHTML, like Gecko) Chrome/52.0.2743.116 Safari/537.36"
::1 - - [06/Sep/2016:23:38:02 +0000] "GET / HTTP/1.1" 304 - "-" "Mozilla/5.0 (Windows NT 10.0; Win64; x64) AppleWebKit/537.36 (KHTML, like Gecko) Chrome/52.0.2743.116 Safari/537.36"
::1 - - [07/Sep/2016:00:23:54 +0000] "GET /sum HTTP/1.1" 404 20 "-" "Mozilla/5.0 (Windows NT 10.0; Win64; x64) AppleWebKit/537.36 (KHTML, like Gecko) Chrome/52.0.2743.116 Safari/537.36"
::1 - - [07/Sep/2016:00:27:07 +0000] "GET /sum HTTP/1.1" 404 20 "-" "Mozilla/5.0 (Windows NT 10.0; Win64; x64) AppleWebKit/537.36 (KHTML, like Gecko) Chrome/52.0.2743.116 Safari/537.36"
::1 - - [07/Sep/2016:00:29:13 +0000] "GET /sum HTTP/1.1" 404 20 "-" "Mozilla/5.0 (Windows NT 10.0; Win64; x64) AppleWebKit/537.36 (KHTML, like Gecko) Chrome/52.0.2743.116 Safari/537.36"
::1 - - [07/Sep/2016:00:31:41 +0000] "GET /result HTTP/1.1" 404 20 "-" "Mozilla/5.0 (Windows NT 10.0; Win64; x64) AppleWebKit/537.36 (KHTML, like Gecko) Chrome/52.0.2743.116 Safari/537.36"
::1 - - [07/Sep/2016:00:37:26 +0000] "GET /sum/1/2 HTTP/1.1" 404 20 "-" "Mozilla/5.0 (Windows NT 10.0; Win64; x64) AppleWebKit/537.36 (KHTML, like Gecko) Chrome/52.0.2743.116 Safari/537.36"
::ffff:127.0.0.1 - - [07/Sep/2016:21:41:15 +0000] "GET / HTTP/1.1" 304 - "-" "Mozilla/5.0 (Windows NT 10.0; Win64; x64) AppleWebKit/537.36 (KHTML, like Gecko) Chrome/52.0.2743.116 Safari/537.36"
::ffff:127.0.0.1 - - [07/Sep/2016:21:41:15 +0000] "GET /favicon.ico HTTP/1.1" 404 20 "http://localhost:3000/" "Mozilla/5.0 (Windows NT 10.0; Win64; x64) AppleWebKit/537.36 (KHTML, like Gecko) Chrome/52.0.2743.116 Safari/537.36"
::ffff:127.0.0.1 - - [07/Sep/2016:21:41:20 +0000] "GET / HTTP/1.1" 304 - "-" "Mozilla/5.0 (Windows NT 10.0; Win64; x64) AppleWebKit/537.36 (KHTML, like Gecko) Chrome/52.0.2743.116 Safari/537.36"
::1 - - [07/Sep/2016:21:49:22 +0000] "GET /home HTTP/1.1" 404 20 "-" "Mozilla/5.0 (Windows NT 10.0; Win64; x64) AppleWebKit/537.36 (KHTML, like Gecko) Chrome/52.0.2743.116 Safari/537.36"
::1 - - [08/Sep/2016:00:19:59 +0000] "GET / HTTP/1.1" 304 - "-" "Mozilla/5.0 (Windows NT 10.0; Win64; x64) AppleWebKit/537.36 (KHTML, like Gecko) Chrome/52.0.2743.116 Safari/537.36"
::1 - - [08/Sep/2016:00:20:03 +0000] "GET / HTTP/1.1" 304 - "-" "Mozilla/5.0 (Windows NT 10.0; Win64; x64) AppleWebKit/537.36 (KHTML, like Gecko) Chrome/52.0.2743.116 Safari/537.36"
::1 - - [08/Sep/2016:02:50:09 +0000] "GET / HTTP/1.1" 304 - "-" "Mozilla/5.0 (Windows NT 10.0; Win64; x64) AppleWebKit/537.36 (KHTML, like Gecko) Chrome/52.0.2743.116 Safari/537.36"
::1 - - [23/Sep/2016:00:14:51 +0000] "GET / HTTP/1.1" 304 - "-" "Mozilla/5.0 (Windows NT 10.0; Win64; x64) AppleWebKit/537.36 (KHTML, like Gecko) Chrome/53.0.2785.116 Safari/537.36"
::1 - - [23/Sep/2016:00:14:51 +0000] "GET /favicon.ico HTTP/1.1" 404 20 "http://localhost:3000/" "Mozilla/5.0 (Windows NT 10.0; Win64; x64) AppleWebKit/537.36 (KHTML, like Gecko) Chrome/53.0.2785.116 Safari/537.36"
::1 - - [24/Sep/2016:04:14:21 +0000] "GET / HTTP/1.1" 304 - "-" "Mozilla/5.0 (Windows NT 10.0; Win64; x64) AppleWebKit/537.36 (KHTML, like Gecko) Chrome/53.0.2785.116 Safari/537.36"
::1 - - [24/Sep/2016:04:14:21 +0000] "GET /favicon.ico HTTP/1.1" 404 20 "http://localhost:3000/" "Mozilla/5.0 (Windows NT 10.0; Win64; x64) AppleWebKit/537.36 (KHTML, like Gecko) Chrome/53.0.2785.116 Safari/537.36"
::1 - - [24/Sep/2016:17:52:13 +0000] "GET /favicon.ico HTTP/1.1" 404 20 "http://localhost:5000/map" "Mozilla/5.0 (Windows NT 10.0; Win64; x64) AppleWebKit/537.36 (KHTML, like Gecko) Chrome/53.0.2785.116 Safari/537.36"
::1 - - [24/Sep/2016:18:21:33 +0000] "GET / HTTP/1.1" 200 126 "-" "Mozilla/5.0 (Windows NT 10.0; Win64; x64) AppleWebKit/537.36 (KHTML, like Gecko) Chrome/53.0.2785.116 Safari/537.36"
::1 - - [24/Sep/2016:18:21:34 +0000] "GET /favicon.ico HTTP/1.1" 404 20 "http://localhost:5050/" "Mozilla/5.0 (Windows NT 10.0; Win64; x64) AppleWebKit/537.36 (KHTML, like Gecko) Chrome/53.0.2785.116 Safari/537.36"
::1 - - [24/Sep/2016:19:14:24 +0000] "GET /favicon.ico HTTP/1.1" 404 20 "http://localhost:3333/map" "Mozilla/5.0 (Windows NT 10.0; Win64; x64) AppleWebKit/537.36 (KHTML, like Gecko) Chrome/53.0.2785.116 Safari/537.36"
::1 - - [24/Sep/2016:20:42:43 +0000] "GET /favicon.ico HTTP/1.1" 404 20 "http://localhost:3300/map" "Mozilla/5.0 (Windows NT 10.0; Win64; x64) AppleWebKit/537.36 (KHTML, like Gecko) Chrome/53.0.2785.116 Safari/537.36"
::1 - - [27/Sep/2016:22:36:13 +0000] "GET /truck_coords HTTP/1.1" 404 20 "-" "Mozilla/5.0 (Windows NT 10.0; Win64; x64) AppleWebKit/537.36 (KHTML, like Gecko) Chrome/53.0.2785.116 Safari/537.36"
::1 - - [27/Sep/2016:22:36:13 +0000] "GET /favicon.ico HTTP/1.1" 404 20 "http://localhost:3300/truck_coords" "Mozilla/5.0 (Windows NT 10.0; Win64; x64) AppleWebKit/537.36 (KHTML, like Gecko) Chrome/53.0.2785.116 Safari/537.36"
::ffff:127.0.0.1 - - [27/Sep/2016:23:04:24 +0000] "GET /maps HTTP/1.1" 404 20 "-" "Mozilla/5.0 (Windows NT 10.0; Win64; x64) AppleWebKit/537.36 (KHTML, like Gecko) Chrome/53.0.2785.116 Safari/537.36"
::ffff:127.0.0.1 - - [27/Sep/2016:23:05:32 +0000] "GET /index.js HTTP/1.1" 404 20 "http://localhost:3300/map" "Mozilla/5.0 (Windows NT 10.0; Win64; x64) AppleWebKit/537.36 (KHTML, like Gecko) Chrome/53.0.2785.116 Safari/537.36"
::1 - - [27/Sep/2016:23:15:11 +0000] "GET /index.js HTTP/1.1" 404 20 "http://localhost:3300/map" "Mozilla/5.0 (Windows NT 10.0; Win64; x64) AppleWebKit/537.36 (KHTML, like Gecko) Chrome/53.0.2785.116 Safari/537.36"
::1 - - [27/Sep/2016:23:15:32 +0000] "GET /index.js HTTP/1.1" 404 20 "http://localhost:3300/map" "Mozilla/5.0 (Windows NT 10.0; Win64; x64) AppleWebKit/537.36 (KHTML, like Gecko) Chrome/53.0.2785.116 Safari/537.36"
::1 - - [27/Sep/2016:23:15:51 +0000] "GET /index.js HTTP/1.1" 404 20 "http://localhost:3300/map" "Mozilla/5.0 (Windows NT 10.0; Win64; x64) AppleWebKit/537.36 (KHTML, like Gecko) Chrome/53.0.2785.116 Safari/537.36"
::1 - - [27/Sep/2016:23:16:02 +0000] "GET /index.js HTTP/1.1" 404 20 "http://localhost:3300/map" "Mozilla/5.0 (Windows NT 10.0; Win64; x64) AppleWebKit/537.36 (KHTML, like Gecko) Chrome/53.0.2785.116 Safari/537.36"
::1 - - [27/Sep/2016:23:18:41 +0000] "GET /index.js HTTP/1.1" 404 20 "http://localhost:3300/map" "Mozilla/5.0 (Windows NT 10.0; Win64; x64) AppleWebKit/537.36 (KHTML, like Gecko) Chrome/53.0.2785.116 Safari/537.36"
::1 - - [27/Sep/2016:23:19:05 +0000] "GET /index.js HTTP/1.1" 404 20 "http://localhost:3300/map" "Mozilla/5.0 (Windows NT 10.0; Win64; x64) AppleWebKit/537.36 (KHTML, like Gecko) Chrome/53.0.2785.116 Safari/537.36"
::1 - - [27/Sep/2016:23:32:53 +0000] "GET /index.js HTTP/1.1" 404 20 "http://localhost:3300/map" "Mozilla/5.0 (Windows NT 10.0; Win64; x64) AppleWebKit/537.36 (KHTML, like Gecko) Chrome/53.0.2785.116 Safari/537.36"
::1 - - [28/Sep/2016:00:44:19 +0000] "GET /register HTTP/1.1" 404 20 "-" "Mozilla/5.0 (Windows NT 10.0; Win64; x64) AppleWebKit/537.36 (KHTML, like Gecko) Chrome/53.0.2785.116 Safari/537.36"
::1 - - [28/Sep/2016:00:45:13 +0000] "GET /register HTTP/1.1" 404 20 "-" "Mozilla/5.0 (Windows NT 10.0; Win64; x64) AppleWebKit/537.36 (KHTML, like Gecko) Chrome/53.0.2785.116 Safari/537.36"
::1 - - [28/Sep/2016:00:45:15 +0000] "GET /register HTTP/1.1" 404 20 "-" "Mozilla/5.0 (Windows NT 10.0; Win64; x64) AppleWebKit/537.36 (KHTML, like Gecko) Chrome/53.0.2785.116 Safari/537.36"
::1 - - [28/Sep/2016:00:45:15 +0000] "GET /register HTTP/1.1" 404 20 "-" "Mozilla/5.0 (Windows NT 10.0; Win64; x64) AppleWebKit/537.36 (KHTML, like Gecko) Chrome/53.0.2785.116 Safari/537.36"
::1 - - [28/Sep/2016:00:45:34 +0000] "GET /register HTTP/1.1" 404 20 "-" "Mozilla/5.0 (Windows NT 10.0; Win64; x64) AppleWebKit/537.36 (KHTML, like Gecko) Chrome/53.0.2785.116 Safari/537.36"
::1 - - [28/Sep/2016:00:45:35 +0000] "GET /register HTTP/1.1" 404 20 "-" "Mozilla/5.0 (Windows NT 10.0; Win64; x64) AppleWebKit/537.36 (KHTML, like Gecko) Chrome/53.0.2785.116 Safari/537.36"
::1 - - [28/Sep/2016:00:45:35 +0000] "GET /register HTTP/1.1" 404 20 "-" "Mozilla/5.0 (Windows NT 10.0; Win64; x64) AppleWebKit/537.36 (KHTML, like Gecko) Chrome/53.0.2785.116 Safari/537.36"
::1 - - [28/Sep/2016:00:45:44 +0000] "GET /register HTTP/1.1" 404 20 "-" "Mozilla/5.0 (Windows NT 10.0; Win64; x64) AppleWebKit/537.36 (KHTML, like Gecko) Chrome/53.0.2785.116 Safari/537.36"
::1 - - [28/Sep/2016:00:45:45 +0000] "GET /register HTTP/1.1" 404 20 "-" "Mozilla/5.0 (Windows NT 10.0; Win64; x64) AppleWebKit/537.36 (KHTML, like Gecko) Chrome/53.0.2785.116 Safari/537.36"
::1 - - [28/Sep/2016:00:45:45 +0000] "GET /register HTTP/1.1" 404 20 "-" "Mozilla/5.0 (Windows NT 10.0; Win64; x64) AppleWebKit/537.36 (KHTML, like Gecko) Chrome/53.0.2785.116 Safari/537.36"
::1 - - [28/Sep/2016:00:45:45 +0000] "GET /register HTTP/1.1" 404 20 "-" "Mozilla/5.0 (Windows NT 10.0; Win64; x64) AppleWebKit/537.36 (KHTML, like Gecko) Chrome/53.0.2785.116 Safari/537.36"
::1 - - [28/Sep/2016:00:45:46 +0000] "GET /register HTTP/1.1" 404 20 "-" "Mozilla/5.0 (Windows NT 10.0; Win64; x64) AppleWebKit/537.36 (KHTML, like Gecko) Chrome/53.0.2785.116 Safari/537.36"
::1 - - [28/Sep/2016:00:47:17 +0000] "GET /register HTTP/1.1" 404 20 "-" "Mozilla/5.0 (Windows NT 10.0; Win64; x64) AppleWebKit/537.36 (KHTML, like Gecko) Chrome/53.0.2785.116 Safari/537.36"
::1 - - [28/Sep/2016:00:47:18 +0000] "GET /register HTTP/1.1" 404 20 "-" "Mozilla/5.0 (Windows NT 10.0; Win64; x64) AppleWebKit/537.36 (KHTML, like Gecko) Chrome/53.0.2785.116 Safari/537.36"
::1 - - [28/Sep/2016:00:49:48 +0000] "GET /register HTTP/1.1" 404 20 "-" "Mozilla/5.0 (Windows NT 10.0; Win64; x64) AppleWebKit/537.36 (KHTML, like Gecko) Chrome/53.0.2785.116 Safari/537.36"
::1 - - [28/Sep/2016:00:50:24 +0000] "GET /register HTTP/1.1" 404 20 "-" "Mozilla/5.0 (Windows NT 10.0; Win64; x64) AppleWebKit/537.36 (KHTML, like Gecko) Chrome/53.0.2785.116 Safari/537.36"
::1 - - [28/Sep/2016:00:51:41 +0000] "GET /register HTTP/1.1" 404 20 "-" "Mozilla/5.0 (Windows NT 10.0; Win64; x64) AppleWebKit/537.36 (KHTML, like Gecko) Chrome/53.0.2785.116 Safari/537.36"
::1 - - [28/Sep/2016:00:51:51 +0000] "GET /register HTTP/1.1" 404 20 "-" "Mozilla/5.0 (Windows NT 10.0; Win64; x64) AppleWebKit/537.36 (KHTML, like Gecko) Chrome/53.0.2785.116 Safari/537.36"
::1 - - [28/Sep/2016:00:51:52 +0000] "GET /register HTTP/1.1" 404 20 "-" "Mozilla/5.0 (Windows NT 10.0; Win64; x64) AppleWebKit/537.36 (KHTML, like Gecko) Chrome/53.0.2785.116 Safari/537.36"
::1 - - [29/Sep/2016:01:21:39 +0000] "GET /trucklist.html HTTP/1.1" 404 20 "http://localhost:3300/register" "Mozilla/5.0 (Windows NT 10.0; Win64; x64) AppleWebKit/537.36 (KHTML, like Gecko) Chrome/53.0.2785.116 Safari/537.36"
::1 - - [29/Sep/2016:01:21:43 +0000] "GET /trucklist.html HTTP/1.1" 404 20 "http://localhost:3300/register" "Mozilla/5.0 (Windows NT 10.0; Win64; x64) AppleWebKit/537.36 (KHTML, like Gecko) Chrome/53.0.2785.116 Safari/537.36"
::1 - - [29/Sep/2016:01:22:25 +0000] "GET /trucklist.html HTTP/1.1" 404 20 "http://localhost:3300/register" "Mozilla/5.0 (Windows NT 10.0; Win64; x64) AppleWebKit/537.36 (KHTML, like Gecko) Chrome/53.0.2785.116 Safari/537.36"
::1 - - [29/Sep/2016:04:19:06 +0000] "GET /pizzaria.png HTTP/1.1" 404 20 "http://localhost:3300/map" "Mozilla/5.0 (Windows NT 10.0; Win64; x64) AppleWebKit/537.36 (KHTML, like Gecko) Chrome/53.0.2785.116 Safari/537.36"
::1 - - [29/Sep/2016:04:19:06 +0000] "GET /pizzaria.png HTTP/1.1" 404 20 "http://localhost:3300/map" "Mozilla/5.0 (Windows NT 10.0; Win64; x64) AppleWebKit/537.36 (KHTML, like Gecko) Chrome/53.0.2785.116 Safari/537.36"
::1 - - [29/Sep/2016:05:33:44 +0000] "GET /ic_local_pizza_white_48dp_1x.png HTTP/1.1" 404 20 "http://localhost:3300/map" "Mozilla/5.0 (Windows NT 10.0; Win64; x64) AppleWebKit/537.36 (KHTML, like Gecko) Chrome/53.0.2785.116 Safari/537.36"
::1 - - [29/Sep/2016:05:33:44 +0000] "GET /ic_local_pizza_white_48dp_1x.png HTTP/1.1" 404 20 "http://localhost:3300/map" "Mozilla/5.0 (Windows NT 10.0; Win64; x64) AppleWebKit/537.36 (KHTML, like Gecko) Chrome/53.0.2785.116 Safari/537.36"
::1 - - [29/Sep/2016:06:42:05 +0000] "GET /favicon.ico HTTP/1.1" 404 20 "http://localhost:3300/map" "Mozilla/5.0 (Windows NT 10.0; Win64; x64) AppleWebKit/537.36 (KHTML, like Gecko) Chrome/53.0.2785.116 Safari/537.36"
::1 - - [29/Sep/2016:19:00:13 +0000] "GET /favicon.ico HTTP/1.1" 404 20 "http://localhost:3300/map" "Mozilla/5.0 (Windows NT 10.0; Win64; x64) AppleWebKit/537.36 (KHTML, like Gecko) Chrome/53.0.2785.116 Safari/537.36"
::1 - - [30/Sep/2016:18:19:55 +0000] "GET /favicon.ico HTTP/1.1" 404 20 "http://localhost:3300/map" "Mozilla/5.0 (Windows NT 10.0; Win64; x64) AppleWebKit/537.36 (KHTML, like Gecko) Chrome/53.0.2785.116 Safari/537.36"
::1 - - [30/Sep/2016:22:12:57 +0000] "GET /favicon.ico HTTP/1.1" 404 20 "http://localhost:3300/places" "Mozilla/5.0 (Windows NT 10.0; Win64; x64) AppleWebKit/537.36 (KHTML, like Gecko) Chrome/53.0.2785.116 Safari/537.36"
::1 - - [01/Oct/2016:17:42:03 +0000] "GET /favicon.ico HTTP/1.1" 404 20 "http://localhost:3300/map" "Mozilla/5.0 (Windows NT 10.0; Win64; x64) AppleWebKit/537.36 (KHTML, like Gecko) Chrome/53.0.2785.116 Safari/537.36"
::1 - - [04/Oct/2016:01:45:00 +0000] "GET /favicon.ico HTTP/1.1" 404 20 "http://localhost:3300/places" "Mozilla/5.0 (Windows NT 10.0; Win64; x64) AppleWebKit/537.36 (KHTML, like Gecko) Chrome/53.0.2785.116 Safari/537.36"
::1 - - [04/Oct/2016:02:21:05 +0000] "GET /home HTTP/1.1" 404 20 "-" "Mozilla/5.0 (Windows NT 10.0; Win64; x64) AppleWebKit/537.36 (KHTML, like Gecko) Chrome/53.0.2785.116 Safari/537.36"
::1 - - [04/Oct/2016:02:21:57 +0000] "GET /home HTTP/1.1" 404 20 "-" "Mozilla/5.0 (Windows NT 10.0; Win64; x64) AppleWebKit/537.36 (KHTML, like Gecko) Chrome/53.0.2785.116 Safari/537.36"
::1 - - [04/Oct/2016:02:26:07 +0000] "GET /home HTTP/1.1" 404 20 "-" "Mozilla/5.0 (Windows NT 10.0; Win64; x64) AppleWebKit/537.36 (KHTML, like Gecko) Chrome/53.0.2785.116 Safari/537.36"
::1 - - [04/Oct/2016:02:26:08 +0000] "GET /home HTTP/1.1" 404 20 "-" "Mozilla/5.0 (Windows NT 10.0; Win64; x64) AppleWebKit/537.36 (KHTML, like Gecko) Chrome/53.0.2785.116 Safari/537.36"
::1 - - [04/Oct/2016:02:28:17 +0000] "GET /home HTTP/1.1" 404 20 "-" "Mozilla/5.0 (Windows NT 10.0; Win64; x64) AppleWebKit/537.36 (KHTML, like Gecko) Chrome/53.0.2785.116 Safari/537.36"
::1 - - [04/Oct/2016:02:28:26 +0000] "GET /css/materialize.min.css HTTP/1.1" 404 20 "http://localhost:3300/home" "Mozilla/5.0 (Windows NT 10.0; Win64; x64) AppleWebKit/537.36 (KHTML, like Gecko) Chrome/53.0.2785.116 Safari/537.36"
::1 - - [04/Oct/2016:02:28:26 +0000] "GET /js/materialize.min.js HTTP/1.1" 404 20 "http://localhost:3300/home" "Mozilla/5.0 (Windows NT 10.0; Win64; x64) AppleWebKit/537.36 (KHTML, like Gecko) Chrome/53.0.2785.116 Safari/537.36"
::1 - - [04/Oct/2016:02:28:27 +0000] "GET /js/materialize.min.js HTTP/1.1" 404 20 "http://localhost:3300/home" "Mozilla/5.0 (Windows NT 10.0; Win64; x64) AppleWebKit/537.36 (KHTML, like Gecko) Chrome/53.0.2785.116 Safari/537.36"
::1 - - [04/Oct/2016:02:30:07 +0000] "GET /css/materialize.min.css HTTP/1.1" 404 20 "http://localhost:3300/home" "Mozilla/5.0 (Windows NT 10.0; Win64; x64) AppleWebKit/537.36 (KHTML, like Gecko) Chrome/53.0.2785.116 Safari/537.36"
::1 - - [04/Oct/2016:02:33:28 +0000] "GET /css/materialize.min.css HTTP/1.1" 404 20 "http://localhost:3300/home" "Mozilla/5.0 (Windows NT 10.0; Win64; x64) AppleWebKit/537.36 (KHTML, like Gecko) Chrome/53.0.2785.116 Safari/537.36"
::1 - - [04/Oct/2016:02:33:28 +0000] "GET /js/materialize.min.js HTTP/1.1" 404 20 "http://localhost:3300/home" "Mozilla/5.0 (Windows NT 10.0; Win64; x64) AppleWebKit/537.36 (KHTML, like Gecko) Chrome/53.0.2785.116 Safari/537.36"
::1 - - [04/Oct/2016:02:33:28 +0000] "GET /js/materialize.min.js HTTP/1.1" 404 20 "http://localhost:3300/home" "Mozilla/5.0 (Windows NT 10.0; Win64; x64) AppleWebKit/537.36 (KHTML, like Gecko) Chrome/53.0.2785.116 Safari/537.36"
::1 - - [04/Oct/2016:02:34:25 +0000] "GET /css/materialize.min.css HTTP/1.1" 404 20 "http://localhost:3300/home" "Mozilla/5.0 (Windows NT 10.0; Win64; x64) AppleWebKit/537.36 (KHTML, like Gecko) Chrome/53.0.2785.116 Safari/537.36"
::1 - - [04/Oct/2016:02:34:25 +0000] "GET /js/materialize.min.js HTTP/1.1" 404 20 "http://localhost:3300/home" "Mozilla/5.0 (Windows NT 10.0; Win64; x64) AppleWebKit/537.36 (KHTML, like Gecko) Chrome/53.0.2785.116 Safari/537.36"
::1 - - [04/Oct/2016:02:34:26 +0000] "GET /js/materialize.min.js HTTP/1.1" 404 20 "http://localhost:3300/home" "Mozilla/5.0 (Windows NT 10.0; Win64; x64) AppleWebKit/537.36 (KHTML, like Gecko) Chrome/53.0.2785.116 Safari/537.36"
::1 - - [04/Oct/2016:02:37:10 +0000] "GET /css/materialize.min.css HTTP/1.1" 404 20 "http://localhost:3300/home" "Mozilla/5.0 (Windows NT 10.0; Win64; x64) AppleWebKit/537.36 (KHTML, like Gecko) Chrome/53.0.2785.116 Safari/537.36"
::1 - - [04/Oct/2016:02:37:10 +0000] "GET /js/materialize.min.js HTTP/1.1" 404 20 "http://localhost:3300/home" "Mozilla/5.0 (Windows NT 10.0; Win64; x64) AppleWebKit/537.36 (KHTML, like Gecko) Chrome/53.0.2785.116 Safari/537.36"
::1 - - [04/Oct/2016:02:37:11 +0000] "GET /js/materialize.min.js HTTP/1.1" 404 20 "http://localhost:3300/home" "Mozilla/5.0 (Windows NT 10.0; Win64; x64) AppleWebKit/537.36 (KHTML, like Gecko) Chrome/53.0.2785.116 Safari/537.36"
::1 - - [04/Oct/2016:02:44:47 +0000] "GET /css/materialize.min.css HTTP/1.1" 404 20 "http://localhost:3300/home" "Mozilla/5.0 (Windows NT 10.0; Win64; x64) AppleWebKit/537.36 (KHTML, like Gecko) Chrome/53.0.2785.116 Safari/537.36"
::1 - - [04/Oct/2016:02:44:47 +0000] "GET /js/materialize.min.js HTTP/1.1" 404 20 "http://localhost:3300/home" "Mozilla/5.0 (Windows NT 10.0; Win64; x64) AppleWebKit/537.36 (KHTML, like Gecko) Chrome/53.0.2785.116 Safari/537.36"
::1 - - [04/Oct/2016:02:44:47 +0000] "GET /js/materialize.min.js HTTP/1.1" 404 20 "http://localhost:3300/home" "Mozilla/5.0 (Windows NT 10.0; Win64; x64) AppleWebKit/537.36 (KHTML, like Gecko) Chrome/53.0.2785.116 Safari/537.36"
::1 - - [04/Oct/2016:02:44:58 +0000] "GET /css/materialize.min.css HTTP/1.1" 404 20 "http://localhost:3300/home" "Mozilla/5.0 (Windows NT 10.0; Win64; x64) AppleWebKit/537.36 (KHTML, like Gecko) Chrome/53.0.2785.116 Safari/537.36"
::1 - - [04/Oct/2016:02:44:58 +0000] "GET /js/materialize.min.js HTTP/1.1" 404 20 "http://localhost:3300/home" "Mozilla/5.0 (Windows NT 10.0; Win64; x64) AppleWebKit/537.36 (KHTML, like Gecko) Chrome/53.0.2785.116 Safari/537.36"
::1 - - [04/Oct/2016:02:44:58 +0000] "GET /js/materialize.min.js HTTP/1.1" 404 20 "http://localhost:3300/home" "Mozilla/5.0 (Windows NT 10.0; Win64; x64) AppleWebKit/537.36 (KHTML, like Gecko) Chrome/53.0.2785.116 Safari/537.36"
::1 - - [04/Oct/2016:02:46:22 +0000] "GET /css/materialize.min.css HTTP/1.1" 404 20 "http://localhost:3300/home" "Mozilla/5.0 (Windows NT 10.0; Win64; x64) AppleWebKit/537.36 (KHTML, like Gecko) Chrome/53.0.2785.116 Safari/537.36"
::1 - - [04/Oct/2016:02:46:22 +0000] "GET /js/materialize.min.js HTTP/1.1" 404 20 "http://localhost:3300/home" "Mozilla/5.0 (Windows NT 10.0; Win64; x64) AppleWebKit/537.36 (KHTML, like Gecko) Chrome/53.0.2785.116 Safari/537.36"
::1 - - [04/Oct/2016:02:46:22 +0000] "GET /js/materialize.min.js HTTP/1.1" 404 20 "http://localhost:3300/home" "Mozilla/5.0 (Windows NT 10.0; Win64; x64) AppleWebKit/537.36 (KHTML, like Gecko) Chrome/53.0.2785.116 Safari/537.36"
::1 - - [04/Oct/2016:02:46:45 +0000] "GET /css/materialize.min.css HTTP/1.1" 404 20 "http://localhost:3300/home" "Mozilla/5.0 (Windows NT 10.0; Win64; x64) AppleWebKit/537.36 (KHTML, like Gecko) Chrome/53.0.2785.116 Safari/537.36"
::1 - - [04/Oct/2016:02:46:45 +0000] "GET /js/materialize.min.js HTTP/1.1" 404 20 "http://localhost:3300/home" "Mozilla/5.0 (Windows NT 10.0; Win64; x64) AppleWebKit/537.36 (KHTML, like Gecko) Chrome/53.0.2785.116 Safari/537.36"
::1 - - [04/Oct/2016:02:46:45 +0000] "GET /js/materialize.min.js HTTP/1.1" 404 20 "http://localhost:3300/home" "Mozilla/5.0 (Windows NT 10.0; Win64; x64) AppleWebKit/537.36 (KHTML, like Gecko) Chrome/53.0.2785.116 Safari/537.36"
::1 - - [04/Oct/2016:02:46:52 +0000] "GET /css/materialize.min.css HTTP/1.1" 404 20 "http://localhost:3300/home" "Mozilla/5.0 (Windows NT 10.0; Win64; x64) AppleWebKit/537.36 (KHTML, like Gecko) Chrome/53.0.2785.116 Safari/537.36"
::1 - - [04/Oct/2016:02:46:52 +0000] "GET /js/materialize.min.js HTTP/1.1" 404 20 "http://localhost:3300/home" "Mozilla/5.0 (Windows NT 10.0; Win64; x64) AppleWebKit/537.36 (KHTML, like Gecko) Chrome/53.0.2785.116 Safari/537.36"
::1 - - [04/Oct/2016:02:46:52 +0000] "GET /js/materialize.min.js HTTP/1.1" 404 20 "http://localhost:3300/home" "Mozilla/5.0 (Windows NT 10.0; Win64; x64) AppleWebKit/537.36 (KHTML, like Gecko) Chrome/53.0.2785.116 Safari/537.36"
::1 - - [04/Oct/2016:02:47:13 +0000] "GET /js/materialize.min.js HTTP/1.1" 404 20 "http://localhost:3300/home" "Mozilla/5.0 (Windows NT 10.0; Win64; x64) AppleWebKit/537.36 (KHTML, like Gecko) Chrome/53.0.2785.116 Safari/537.36"
::1 - - [04/Oct/2016:02:47:13 +0000] "GET /js/materialize.min.js HTTP/1.1" 404 20 "http://localhost:3300/home" "Mozilla/5.0 (Windows NT 10.0; Win64; x64) AppleWebKit/537.36 (KHTML, like Gecko) Chrome/53.0.2785.116 Safari/537.36"
::1 - - [04/Oct/2016:07:13:50 +0000] "GET /favicon.ico HTTP/1.1" 404 20 "http://localhost:3300/map" "Mozilla/5.0 (Windows NT 10.0; Win64; x64) AppleWebKit/537.36 (KHTML, like Gecko) Chrome/53.0.2785.116 Safari/537.36"
::1 - - [04/Oct/2016:07:14:49 +0000] "GET /js/materialize.min.js HTTP/1.1" 404 20 "http://localhost:3300/home" "Mozilla/5.0 (Windows NT 10.0; Win64; x64) AppleWebKit/537.36 (KHTML, like Gecko) Chrome/53.0.2785.116 Safari/537.36"
::1 - - [04/Oct/2016:07:14:50 +0000] "GET /js/materialize.min.js HTTP/1.1" 404 20 "http://localhost:3300/home" "Mozilla/5.0 (Windows NT 10.0; Win64; x64) AppleWebKit/537.36 (KHTML, like Gecko) Chrome/53.0.2785.116 Safari/537.36"
::1 - - [04/Oct/2016:07:15:23 +0000] "GET /js/materialize.min.js HTTP/1.1" 404 20 "http://localhost:3300/home" "Mozilla/5.0 (Windows NT 10.0; Win64; x64) AppleWebKit/537.36 (KHTML, like Gecko) Chrome/53.0.2785.116 Safari/537.36"
::1 - - [04/Oct/2016:07:15:24 +0000] "GET /js/materialize.min.js HTTP/1.1" 404 20 "http://localhost:3300/home" "Mozilla/5.0 (Windows NT 10.0; Win64; x64) AppleWebKit/537.36 (KHTML, like Gecko) Chrome/53.0.2785.116 Safari/537.36"
::1 - - [04/Oct/2016:07:16:29 +0000] "GET /js/materialize.min.js HTTP/1.1" 404 20 "http://localhost:3300/home" "Mozilla/5.0 (Windows NT 10.0; Win64; x64) AppleWebKit/537.36 (KHTML, like Gecko) Chrome/53.0.2785.116 Safari/537.36"
::1 - - [04/Oct/2016:07:16:29 +0000] "GET /css/materialize.min.css HTTP/1.1" 404 20 "http://localhost:3300/home" "Mozilla/5.0 (Windows NT 10.0; Win64; x64) AppleWebKit/537.36 (KHTML, like Gecko) Chrome/53.0.2785.116 Safari/537.36"
::1 - - [04/Oct/2016:07:16:30 +0000] "GET /js/materialize.min.js HTTP/1.1" 404 20 "http://localhost:3300/home" "Mozilla/5.0 (Windows NT 10.0; Win64; x64) AppleWebKit/537.36 (KHTML, like Gecko) Chrome/53.0.2785.116 Safari/537.36"
::1 - - [04/Oct/2016:07:18:41 +0000] "GET /css/materialize.min.css HTTP/1.1" 404 20 "http://localhost:3300/home" "Mozilla/5.0 (Windows NT 10.0; Win64; x64) AppleWebKit/537.36 (KHTML, like Gecko) Chrome/53.0.2785.116 Safari/537.36"
::1 - - [04/Oct/2016:07:18:41 +0000] "GET /js/materialize.min.js HTTP/1.1" 404 20 "http://localhost:3300/home" "Mozilla/5.0 (Windows NT 10.0; Win64; x64) AppleWebKit/537.36 (KHTML, like Gecko) Chrome/53.0.2785.116 Safari/537.36"
::1 - - [04/Oct/2016:07:18:41 +0000] "GET /js/materialize.min.js HTTP/1.1" 404 20 "http://localhost:3300/home" "Mozilla/5.0 (Windows NT 10.0; Win64; x64) AppleWebKit/537.36 (KHTML, like Gecko) Chrome/53.0.2785.116 Safari/537.36"
::1 - - [04/Oct/2016:07:18:42 +0000] "GET /js/materialize.min.js HTTP/1.1" 404 20 "http://localhost:3300/home" "Mozilla/5.0 (Windows NT 10.0; Win64; x64) AppleWebKit/537.36 (KHTML, like Gecko) Chrome/53.0.2785.116 Safari/537.36"
::1 - - [04/Oct/2016:07:18:42 +0000] "GET /css/materialize.min.css HTTP/1.1" 404 20 "http://localhost:3300/home" "Mozilla/5.0 (Windows NT 10.0; Win64; x64) AppleWebKit/537.36 (KHTML, like Gecko) Chrome/53.0.2785.116 Safari/537.36"
::1 - - [04/Oct/2016:07:18:42 +0000] "GET /js/materialize.min.js HTTP/1.1" 404 20 "http://localhost:3300/home" "Mozilla/5.0 (Windows NT 10.0; Win64; x64) AppleWebKit/537.36 (KHTML, like Gecko) Chrome/53.0.2785.116 Safari/537.36"
::1 - - [04/Oct/2016:07:37:18 +0000] "GET /css/materialize.min.css HTTP/1.1" 404 20 "http://localhost:3300/home" "Mozilla/5.0 (Windows NT 10.0; Win64; x64) AppleWebKit/537.36 (KHTML, like Gecko) Chrome/53.0.2785.116 Safari/537.36"
::1 - - [04/Oct/2016:07:37:18 +0000] "GET /js/materialize.min.js HTTP/1.1" 404 20 "http://localhost:3300/home" "Mozilla/5.0 (Windows NT 10.0; Win64; x64) AppleWebKit/537.36 (KHTML, like Gecko) Chrome/53.0.2785.116 Safari/537.36"
::1 - - [04/Oct/2016:07:37:18 +0000] "GET /js/materialize.min.js HTTP/1.1" 404 20 "http://localhost:3300/home" "Mozilla/5.0 (Windows NT 10.0; Win64; x64) AppleWebKit/537.36 (KHTML, like Gecko) Chrome/53.0.2785.116 Safari/537.36"
::1 - - [04/Oct/2016:07:39:03 +0000] "GET /js/materialize.min.js HTTP/1.1" 404 20 "http://localhost:3300/home" "Mozilla/5.0 (Windows NT 10.0; Win64; x64) AppleWebKit/537.36 (KHTML, like Gecko) Chrome/53.0.2785.116 Safari/537.36"
::1 - - [04/Oct/2016:07:39:03 +0000] "GET /css/materialize.min.css HTTP/1.1" 404 20 "http://localhost:3300/home" "Mozilla/5.0 (Windows NT 10.0; Win64; x64) AppleWebKit/537.36 (KHTML, like Gecko) Chrome/53.0.2785.116 Safari/537.36"
::1 - - [04/Oct/2016:07:39:04 +0000] "GET /js/materialize.min.js HTTP/1.1" 404 20 "http://localhost:3300/home" "Mozilla/5.0 (Windows NT 10.0; Win64; x64) AppleWebKit/537.36 (KHTML, like Gecko) Chrome/53.0.2785.116 Safari/537.36"
::1 - - [04/Oct/2016:07:40:28 +0000] "GET /css/materialize.min.css HTTP/1.1" 404 20 "http://localhost:3300/home" "Mozilla/5.0 (Windows NT 10.0; Win64; x64) AppleWebKit/537.36 (KHTML, like Gecko) Chrome/53.0.2785.116 Safari/537.36"
::1 - - [04/Oct/2016:07:40:28 +0000] "GET /js/materialize.min.js HTTP/1.1" 404 20 "http://localhost:3300/home" "Mozilla/5.0 (Windows NT 10.0; Win64; x64) AppleWebKit/537.36 (KHTML, like Gecko) Chrome/53.0.2785.116 Safari/537.36"
::1 - - [04/Oct/2016:07:40:28 +0000] "GET /js/materialize.min.js HTTP/1.1" 404 20 "http://localhost:3300/home" "Mozilla/5.0 (Windows NT 10.0; Win64; x64) AppleWebKit/537.36 (KHTML, like Gecko) Chrome/53.0.2785.116 Safari/537.36"
::1 - - [04/Oct/2016:07:50:47 +0000] "GET /css/materialize.min.css HTTP/1.1" 404 20 "http://localhost:3300/home" "Mozilla/5.0 (Windows NT 10.0; Win64; x64) AppleWebKit/537.36 (KHTML, like Gecko) Chrome/53.0.2785.116 Safari/537.36"
::1 - - [04/Oct/2016:07:56:34 +0000] "GET /css/materialize.min.css HTTP/1.1" 404 20 "http://localhost:3300/home" "Mozilla/5.0 (Windows NT 10.0; Win64; x64) AppleWebKit/537.36 (KHTML, like Gecko) Chrome/53.0.2785.116 Safari/537.36"
::1 - - [04/Oct/2016:08:03:07 +0000] "GET /css/materialize.min.css HTTP/1.1" 404 20 "http://localhost:3300/home" "Mozilla/5.0 (Windows NT 10.0; Win64; x64) AppleWebKit/537.36 (KHTML, like Gecko) Chrome/53.0.2785.116 Safari/537.36"
::1 - - [04/Oct/2016:08:07:11 +0000] "GET /css/materialize.min.css HTTP/1.1" 404 20 "http://localhost:3300/home" "Mozilla/5.0 (Windows NT 10.0; Win64; x64) AppleWebKit/537.36 (KHTML, like Gecko) Chrome/53.0.2785.116 Safari/537.36"
::1 - - [04/Oct/2016:22:19:05 +0000] "GET /favicon.ico HTTP/1.1" 404 20 "http://localhost:3300/map" "Mozilla/5.0 (Windows NT 10.0; Win64; x64) AppleWebKit/537.36 (KHTML, like Gecko) Chrome/53.0.2785.116 Safari/537.36"
::1 - - [04/Oct/2016:22:19:24 +0000] "GET /geo HTTP/1.1" 404 20 "-" "Mozilla/5.0 (Windows NT 10.0; Win64; x64) AppleWebKit/537.36 (KHTML, like Gecko) Chrome/53.0.2785.116 Safari/537.36"
::1 - - [04/Oct/2016:23:09:21 +0000] "GET /logic.js HTTP/1.1" 404 20 "http://localhost:3300/places" "Mozilla/5.0 (Windows NT 10.0; Win64; x64) AppleWebKit/537.36 (KHTML, like Gecko) Chrome/53.0.2785.116 Safari/537.36"
::1 - - [04/Oct/2016:23:14:59 +0000] "GET /public/js/logic.js HTTP/1.1" 404 20 "http://localhost:3300/places" "Mozilla/5.0 (Windows NT 10.0; Win64; x64) AppleWebKit/537.36 (KHTML, like Gecko) Chrome/53.0.2785.116 Safari/537.36"
::1 - - [05/Oct/2016:00:44:16 +0000] "GET /css/materialize.min.css HTTP/1.1" 404 20 "http://localhost:3300/places" "Mozilla/5.0 (Windows NT 10.0; Win64; x64) AppleWebKit/537.36 (KHTML, like Gecko) Chrome/53.0.2785.116 Safari/537.36"
::1 - - [05/Oct/2016:00:45:25 +0000] "GET /css/materialize.min.css HTTP/1.1" 404 20 "http://localhost:3300/places" "Mozilla/5.0 (Windows NT 10.0; Win64; x64) AppleWebKit/537.36 (KHTML, like Gecko) Chrome/53.0.2785.116 Safari/537.36"
::1 - - [05/Oct/2016:00:45:25 +0000] "GET /js/materialize.min.js HTTP/1.1" 404 20 "http://localhost:3300/places" "Mozilla/5.0 (Windows NT 10.0; Win64; x64) AppleWebKit/537.36 (KHTML, like Gecko) Chrome/53.0.2785.116 Safari/537.36"
::1 - - [05/Oct/2016:00:45:25 +0000] "GET /js/materialize.min.js HTTP/1.1" 404 20 "http://localhost:3300/places" "Mozilla/5.0 (Windows NT 10.0; Win64; x64) AppleWebKit/537.36 (KHTML, like Gecko) Chrome/53.0.2785.116 Safari/537.36"
::1 - - [05/Oct/2016:00:45:29 +0000] "GET /css/materialize.min.css HTTP/1.1" 404 20 "http://localhost:3300/places" "Mozilla/5.0 (Windows NT 10.0; Win64; x64) AppleWebKit/537.36 (KHTML, like Gecko) Chrome/53.0.2785.116 Safari/537.36"
::1 - - [05/Oct/2016:00:51:07 +0000] "GET /css/materialize.min.css HTTP/1.1" 404 20 "http://localhost:3300/places" "Mozilla/5.0 (Windows NT 10.0; Win64; x64) AppleWebKit/537.36 (KHTML, like Gecko) Chrome/53.0.2785.116 Safari/537.36"
::1 - - [05/Oct/2016:00:51:07 +0000] "GET /js/materialize.min.js HTTP/1.1" 404 20 "http://localhost:3300/places" "Mozilla/5.0 (Windows NT 10.0; Win64; x64) AppleWebKit/537.36 (KHTML, like Gecko) Chrome/53.0.2785.116 Safari/537.36"
::1 - - [05/Oct/2016:00:51:07 +0000] "GET /js/materialize.min.js HTTP/1.1" 404 20 "http://localhost:3300/places" "Mozilla/5.0 (Windows NT 10.0; Win64; x64) AppleWebKit/537.36 (KHTML, like Gecko) Chrome/53.0.2785.116 Safari/537.36"
::1 - - [05/Oct/2016:00:52:11 +0000] "GET /css/materialize.min.css HTTP/1.1" 404 20 "http://localhost:3300/places" "Mozilla/5.0 (Windows NT 10.0; Win64; x64) AppleWebKit/537.36 (KHTML, like Gecko) Chrome/53.0.2785.116 Safari/537.36"
